  fungYangCs301SimMain.cpp
C:\Users\jackw\Downloads\demolvl2\FungYangCs301PacmanUseLib\fungYangCs301SimMain.cpp(478,27): warning C4018: '<': signed/unsigned mismatch
C:\Users\jackw\Downloads\demolvl2\FungYangCs301PacmanUseLib\fungYangCs301SimMain.cpp(527,23): warning C4018: '<': signed/unsigned mismatch
C:\Users\jackw\Downloads\demolvl2\FungYangCs301PacmanUseLib\fungYangCs301SimMain.cpp(584,23): warning C4018: '<': signed/unsigned mismatch
C:\Users\jackw\Downloads\demolvl2\FungYangCs301PacmanUseLib\fungYangCs301SimMain.cpp(585,27): warning C4018: '<': signed/unsigned mismatch
C:\Users\jackw\Downloads\demolvl2\FungYangCs301PacmanUseLib\fungYangCs301SimMain.cpp(604,31): warning C4018: '<': signed/unsigned mismatch
C:\Users\jackw\Downloads\demolvl2\FungYangCs301PacmanUseLib\fungYangCs301SimMain.cpp(636,25): warning C4305: '=': truncation from 'double' to 'float'
C:\Users\jackw\Downloads\demolvl2\FungYangCs301PacmanUseLib\fungYangCs301SimMain.cpp(638,37): warning C4305: '=': truncation from 'double' to 'float'
C:\Users\jackw\Downloads\demolvl2\FungYangCs301PacmanUseLib\fungYangCs301SimMain.cpp(652,23): warning C4018: '<': signed/unsigned mismatch
C:\Users\jackw\Downloads\demolvl2\FungYangCs301PacmanUseLib\fungYangCs301SimMain.cpp(668,31): warning C4244: '+=': conversion from 'double' to 'int', possible loss of data
C:\Users\jackw\Downloads\demolvl2\FungYangCs301PacmanUseLib\fungYangCs301SimMain.cpp(686,25): warning C4244: 'initializing': conversion from 'double' to 'float', possible loss of data
  Generating code
  94 of 1313 functions ( 7.2%) were compiled, the rest were copied from previous compilation.
    0 functions were new in current compilation
    9 functions had inline decision re-evaluated but remain unchanged
  Finished generating code
FungYangCs301PacmenRobotSimGameLib.lib(gameManager.obj) : warning LNK4099: PDB 'FungYangCs301PacmenRobotSimGameLib.pdb' was not found with 'FungYangCs301PacmenRobotSimGameLib.lib(gameManager.obj)' or at 'C:\Users\jackw\Downloads\demolvl2\Release\FungYangCs301PacmenRobotSimGameLib.pdb'; linking object as if no debug info
FungYangCs301PacmenRobotSimGameLib.lib(mainFungGLAppEngin.obj) : warning LNK4099: PDB 'FungYangCs301PacmenRobotSimGameLib.pdb' was not found with 'FungYangCs301PacmenRobotSimGameLib.lib(mainFungGLAppEngin.obj)' or at 'C:\Users\jackw\Downloads\demolvl2\Release\FungYangCs301PacmenRobotSimGameLib.pdb'; linking object as if no debug info
FungYangCs301PacmenRobotSimGameLib.lib(Geometry.obj) : warning LNK4099: PDB 'FungYangCs301PacmenRobotSimGameLib.pdb' was not found with 'FungYangCs301PacmenRobotSimGameLib.lib(Geometry.obj)' or at 'C:\Users\jackw\Downloads\demolvl2\Release\FungYangCs301PacmenRobotSimGameLib.pdb'; linking object as if no debug info
FungYangCs301PacmenRobotSimGameLib.lib(my_GL_Draw_Funcs.obj) : warning LNK4099: PDB 'FungYangCs301PacmenRobotSimGameLib.pdb' was not found with 'FungYangCs301PacmenRobotSimGameLib.lib(my_GL_Draw_Funcs.obj)' or at 'C:\Users\jackw\Downloads\demolvl2\Release\FungYangCs301PacmenRobotSimGameLib.pdb'; linking object as if no debug info
FungYangCs301PacmenRobotSimGameLib.lib(mazeGen.obj) : warning LNK4099: PDB 'FungYangCs301PacmenRobotSimGameLib.pdb' was not found with 'FungYangCs301PacmenRobotSimGameLib.lib(mazeGen.obj)' or at 'C:\Users\jackw\Downloads\demolvl2\Release\FungYangCs301PacmenRobotSimGameLib.pdb'; linking object as if no debug info
FungYangCs301PacmenRobotSimGameLib.lib(highPerformanceTimer.obj) : warning LNK4099: PDB 'FungYangCs301PacmenRobotSimGameLib.pdb' was not found with 'FungYangCs301PacmenRobotSimGameLib.lib(highPerformanceTimer.obj)' or at 'C:\Users\jackw\Downloads\demolvl2\Release\FungYangCs301PacmenRobotSimGameLib.pdb'; linking object as if no debug info
FungYangCs301PacmenRobotSimGameLib.lib(AStarManager.obj) : warning LNK4099: PDB 'FungYangCs301PacmenRobotSimGameLib.pdb' was not found with 'FungYangCs301PacmenRobotSimGameLib.lib(AStarManager.obj)' or at 'C:\Users\jackw\Downloads\demolvl2\Release\FungYangCs301PacmenRobotSimGameLib.pdb'; linking object as if no debug info
FungYangCs301PacmenRobotSimGameLib.lib(texture.obj) : warning LNK4099: PDB 'FungYangCs301PacmenRobotSimGameLib.pdb' was not found with 'FungYangCs301PacmenRobotSimGameLib.lib(texture.obj)' or at 'C:\Users\jackw\Downloads\demolvl2\Release\FungYangCs301PacmenRobotSimGameLib.pdb'; linking object as if no debug info
FungYangCs301PacmenRobotSimGameLib.lib(Lighting.obj) : warning LNK4099: PDB 'FungYangCs301PacmenRobotSimGameLib.pdb' was not found with 'FungYangCs301PacmenRobotSimGameLib.lib(Lighting.obj)' or at 'C:\Users\jackw\Downloads\demolvl2\Release\FungYangCs301PacmenRobotSimGameLib.pdb'; linking object as if no debug info
FungYangCs301PacmenRobotSimGameLib.lib(Utilities.obj) : warning LNK4099: PDB 'FungYangCs301PacmenRobotSimGameLib.pdb' was not found with 'FungYangCs301PacmenRobotSimGameLib.lib(Utilities.obj)' or at 'C:\Users\jackw\Downloads\demolvl2\Release\FungYangCs301PacmenRobotSimGameLib.pdb'; linking object as if no debug info
FungYangCs301PacmenRobotSimGameLib.lib(PathFinder.obj) : warning LNK4099: PDB 'FungYangCs301PacmenRobotSimGameLib.pdb' was not found with 'FungYangCs301PacmenRobotSimGameLib.lib(PathFinder.obj)' or at 'C:\Users\jackw\Downloads\demolvl2\Release\FungYangCs301PacmenRobotSimGameLib.pdb'; linking object as if no debug info
  FungYangCs301PacmanUseLib.vcxproj -> C:\Users\jackw\Downloads\demolvl2\Release\FungYangCs301PacmanUseLib.exe
